<?xml version="1.0" encoding="UTF-8"?>
<!-- Generated by org.testng.reporters.JUnitXMLReporter -->
<testsuite ignored="0" hostname="A2Z-A279-Rashmi" failures="0" tests="4" name="Default test" time="3.836" errors="0" timestamp="2023-09-22T20:24:34 IST">
  <testcase classname="HTTPRequests" name="getUser" time="2.173"/>
  <testcase classname="HTTPRequests" name="createUser" time="0.817"/>
  <testcase classname="HTTPRequests" name="updateUser" time="0.399"/>
  <testcase classname="HTTPRequests" name="deleteUser" time="0.39"/>
</testsuite> <!-- Default test -->
