<?xml version="1.0" encoding="UTF-8"?>
<testng-results ignored="0" total="4" passed="4" failed="0" skipped="0">
  <reporter-output>
  </reporter-output>
  <suite started-at="2023-09-22T20:24:30 IST" name="Default suite" finished-at="2023-09-22T20:24:34 IST" duration-ms="3836">
    <groups>
    </groups>
    <test started-at="2023-09-22T20:24:30 IST" name="Default test" finished-at="2023-09-22T20:24:34 IST" duration-ms="3836">
      <class name="HTTPRequests">
        <test-method signature="getUser()[pri:1, instance:HTTPRequests@7c711375]" started-at="2023-09-22T20:24:30 IST" name="getUser" finished-at="2023-09-22T20:24:32 IST" duration-ms="2173" status="PASS">
          <reporter-output>
          </reporter-output>
        </test-method> <!-- getUser -->
        <test-method signature="createUser()[pri:2, instance:HTTPRequests@7c711375]" started-at="2023-09-22T20:24:32 IST" name="createUser" finished-at="2023-09-22T20:24:33 IST" duration-ms="817" status="PASS">
          <reporter-output>
          </reporter-output>
        </test-method> <!-- createUser -->
        <test-method signature="updateUser()[pri:3, instance:HTTPRequests@7c711375]" started-at="2023-09-22T20:24:33 IST" name="updateUser" finished-at="2023-09-22T20:24:34 IST" depends-on-methods="HTTPRequests.createUser" duration-ms="399" status="PASS">
          <reporter-output>
          </reporter-output>
        </test-method> <!-- updateUser -->
        <test-method signature="deleteUser()[pri:4, instance:HTTPRequests@7c711375]" started-at="2023-09-22T20:24:34 IST" name="deleteUser" finished-at="2023-09-22T20:24:34 IST" duration-ms="390" status="PASS">
          <reporter-output>
          </reporter-output>
        </test-method> <!-- deleteUser -->
      </class> <!-- HTTPRequests -->
    </test> <!-- Default test -->
  </suite> <!-- Default suite -->
</testng-results>
