<?xml version="1.0" encoding="UTF-8"?>
<testng-results ignored="0" total="2" passed="2" failed="0" skipped="0">
  <reporter-output>
  </reporter-output>
  <suite started-at="2023-09-26T20:22:47 IST" name="Default suite" finished-at="2023-09-26T20:22:49 IST" duration-ms="2054">
    <groups>
    </groups>
    <test started-at="2023-09-26T20:22:47 IST" name="Default test" finished-at="2023-09-26T20:22:49 IST" duration-ms="2054">
      <class name="CreatePostReq">
        <test-method signature="testPostUsingExternalJsonFile()[pri:1, instance:CreatePostReq@5a56cdac]" started-at="2023-09-26T20:22:47 IST" name="testPostUsingExternalJsonFile" finished-at="2023-09-26T20:22:49 IST" duration-ms="1956" status="PASS">
          <reporter-output>
          </reporter-output>
        </test-method> <!-- testPostUsingExternalJsonFile -->
        <test-method signature="testDelete()[pri:2, instance:CreatePostReq@5a56cdac]" started-at="2023-09-26T20:22:49 IST" name="testDelete" finished-at="2023-09-26T20:22:49 IST" duration-ms="53" status="PASS">
          <reporter-output>
          </reporter-output>
        </test-method> <!-- testDelete -->
      </class> <!-- CreatePostReq -->
    </test> <!-- Default test -->
  </suite> <!-- Default suite -->
</testng-results>
